<?xml version="1.0" encoding="UTF-8"?>
<!-- Generated by org.testng.reporters.JUnitXMLReporter -->
<testsuite ignored="0" hostname="SAMBASIVA" failures="0" tests="5" name="Chromecase" time="3.245" errors="0" timestamp="2024-12-19T00:37:56 IST">
  <testcase classname="programs.A4_Information_Commands" name="gmail" time="0.0">
    <skipped/>
  </testcase> <!-- gmail -->
  <testcase classname="programs.A4_Information_Commands" name="google_image" time="0.0">
    <skipped/>
  </testcase> <!-- google_image -->
  <testcase classname="programs.A4_Information_Commands" name="searchbutton" time="0.0">
    <skipped/>
  </testcase> <!-- searchbutton -->
  <testcase classname="programs.A9_Enhancing_StudentQAForm" name="improvement" time="0.037">
    <skipped/>
  </testcase> <!-- improvement -->
  <testcase classname="BHighlevelBases.B15_Frames" name="clickable" time="0.0">
    <skipped/>
  </testcase> <!-- clickable -->
</testsuite> <!-- Chromecase -->
