<?xml version="1.0" encoding="UTF-8"?>
<!-- Generated by org.testng.reporters.JUnitXMLReporter -->
<testsuite ignored="1" hostname="SAMBASIVA" failures="0" tests="3" name="Test" time="50.581" errors="0" timestamp="2023-07-31T22:25:52 IST">
  <testcase classname="programs.A1_Alerts" name="handlingalerts" time="3.52"/>
  <testcase classname="programs.A7_INR_optionsvalidation" name="options" time="0.816"/>
  <testcase classname="BHighlevelBases.B15_Frames" name="clickable" time="7.252"/>
  <testcase classname="BHighlevelBases.B14_FlipkartGeneric" name="clickable" time="0.0">
    <ignored/>
  </testcase> <!-- clickable -->
</testsuite> <!-- Test -->
